# JRE version: Java(TM) SE Runtime Environment (17.0.12+8) (build 17.0.12+8-LTS-286)
# Java VM: Java HotSpot(TM) 64-Bit Server VM (17.0.12+8-LTS-286, mixed mode, sharing, tiered, compressed oops, compressed class ptrs, g1 gc, windows-amd64)
GC Precious Log:
 CPUs: 8 total, 8 available
 Memory: 16126M
 Large Page Support: Disabled
 NUMA Support: Disabled
 Compressed Oops: Enabled (32-bit)
 Heap Region Size: 1M
 Heap Min Capacity: 8M
 Heap Initial Capacity: 252M
 Heap Max Capacity: 2G
 Pre-touch: Disabled
 Parallel Workers: 8
 Concurrent Workers: 2
 Concurrent Refinement Workers: 8
 Periodic GC: Disabled
Heap:
 garbage-first heap   total 195584K, used 107781K [0x0000000080000000, 0x0000000100000000)
  region size 1024K, 21 young (21504K), 4 survivors (4096K)
 Metaspace       used 76922K, committed 77632K, reserved 557056K
  class space    used 10728K, committed 11072K, reserved 425984K
GC Heap History (20 events):
Event: 28.530 GC heap before
{Heap before GC invocations=17 (full 0):
 garbage-first heap   total 102400K, used 76736K [0x0000000080000000, 0x0000000100000000)
  region size 1024K, 23 young (23552K), 2 survivors (2048K)
 Metaspace       used 53138K, committed 53760K, reserved 491520K
  class space    used 7513K, committed 7808K, reserved 425984K
}
Event: 28.534 GC heap after
{Heap after GC invocations=18 (full 0):
 garbage-first heap   total 102400K, used 57279K [0x0000000080000000, 0x0000000100000000)
  region size 1024K, 3 young (3072K), 3 survivors (3072K)
 Metaspace       used 53138K, committed 53760K, reserved 491520K
  class space    used 7513K, committed 7808K, reserved 425984K
}
Event: 28.995 GC heap before
{Heap before GC invocations=18 (full 0):
 garbage-first heap   total 102400K, used 81855K [0x0000000080000000, 0x0000000100000000)
  region size 1024K, 28 young (28672K), 3 survivors (3072K)
 Metaspace       used 55333K, committed 56000K, reserved 491520K
  class space    used 7841K, committed 8192K, reserved 425984K
}
Event: 29.001 GC heap after
{Heap after GC invocations=19 (full 0):
 garbage-first heap   total 102400K, used 58363K [0x0000000080000000, 0x0000000100000000)
  region size 1024K, 4 young (4096K), 4 survivors (4096K)
 Metaspace       used 55333K, committed 56000K, reserved 491520K
  class space    used 7841K, committed 8192K, reserved 425984K
}
Event: 29.430 GC heap before
{Heap before GC invocations=20 (full 0):
 garbage-first heap   total 106496K, used 81915K [0x0000000080000000, 0x0000000100000000)
  region size 1024K, 28 young (28672K), 4 survivors (4096K)
 Metaspace       used 58259K, committed 58944K, reserved 491520K
  class space    used 8220K, committed 8576K, reserved 425984K
}
Event: 29.434 GC heap after
{Heap after GC invocations=21 (full 0):
 garbage-first heap   total 106496K, used 59715K [0x0000000080000000, 0x0000000100000000)
  region size 1024K, 3 young (3072K), 3 survivors (3072K)
 Metaspace       used 58259K, committed 58944K, reserved 491520K
  class space    used 8220K, committed 8576K, reserved 425984K
}
Event: 29.891 GC heap before
{Heap before GC invocations=21 (full 0):
 garbage-first heap   total 106496K, used 87363K [0x0000000080000000, 0x0000000100000000)
  region size 1024K, 30 young (30720K), 3 survivors (3072K)
 Metaspace       used 59877K, committed 60544K, reserved 491520K
  class space    used 8455K, committed 8768K, reserved 425984K
}
Event: 29.896 GC heap after
{Heap after GC invocations=22 (full 0):
 garbage-first heap   total 106496K, used 61367K [0x0000000080000000, 0x0000000100000000)
  region size 1024K, 3 young (3072K), 3 survivors (3072K)
 Metaspace       used 59877K, committed 60544K, reserved 491520K
  class space    used 8455K, committed 8768K, reserved 425984K
}
Event: 30.300 GC heap before
{Heap before GC invocations=23 (full 0):
 garbage-first heap   total 112640K, used 86967K [0x0000000080000000, 0x0000000100000000)
  region size 1024K, 29 young (29696K), 3 survivors (3072K)
 Metaspace       used 61551K, committed 62208K, reserved 491520K
  class space    used 8727K, committed 9024K, reserved 425984K
}
Event: 30.306 GC heap after
{Heap after GC invocations=24 (full 0):
 garbage-first heap   total 112640K, used 62938K [0x0000000080000000, 0x0000000100000000)
  region size 1024K, 4 young (4096K), 4 survivors (4096K)
 Metaspace       used 61551K, committed 62208K, reserved 491520K
  class space    used 8727K, committed 9024K, reserved 425984K
}
Event: 30.322 GC heap before
{Heap before GC invocations=24 (full 0):
 garbage-first heap   total 112640K, used 63962K [0x0000000080000000, 0x0000000100000000)
  region size 1024K, 5 young (5120K), 4 survivors (4096K)
 Metaspace       used 61625K, committed 62272K, reserved 491520K
  class space    used 8737K, committed 9024K, reserved 425984K
}
Event: 30.326 GC heap after
{Heap after GC invocations=25 (full 0):
 garbage-first heap   total 112640K, used 63145K [0x0000000080000000, 0x0000000100000000)
  region size 1024K, 1 young (1024K), 1 survivors (1024K)
 Metaspace       used 61625K, committed 62272K, reserved 491520K
  class space    used 8737K, committed 9024K, reserved 425984K
}
Event: 31.153 GC heap before
{Heap before GC invocations=25 (full 0):
 garbage-first heap   total 112640K, used 92841K [0x0000000080000000, 0x0000000100000000)
  region size 1024K, 30 young (30720K), 1 survivors (1024K)
 Metaspace       used 63380K, committed 64128K, reserved 491520K
  class space    used 8989K, committed 9344K, reserved 425984K
}
Event: 31.161 GC heap after
{Heap after GC invocations=26 (full 0):
 garbage-first heap   total 195584K, used 66410K [0x0000000080000000, 0x0000000100000000)
  region size 1024K, 4 young (4096K), 4 survivors (4096K)
 Metaspace       used 63380K, committed 64128K, reserved 491520K
  class space    used 8989K, committed 9344K, reserved 425984K
}
Event: 32.620 GC heap before
{Heap before GC invocations=27 (full 0):
 garbage-first heap   total 195584K, used 155498K [0x0000000080000000, 0x0000000100000000)
  region size 1024K, 87 young (89088K), 4 survivors (4096K)
 Metaspace       used 68397K, committed 69120K, reserved 491520K
  class space    used 9620K, committed 9984K, reserved 425984K
}
Event: 32.632 GC heap after
{Heap after GC invocations=28 (full 0):
 garbage-first heap   total 195584K, used 81180K [0x0000000080000000, 0x0000000100000000)
  region size 1024K, 11 young (11264K), 11 survivors (11264K)
 Metaspace       used 68397K, committed 69120K, reserved 491520K
  class space    used 9620K, committed 9984K, reserved 425984K
}
Event: 33.701 GC heap before
{Heap before GC invocations=28 (full 0):
 garbage-first heap   total 195584K, used 159004K [0x0000000080000000, 0x0000000100000000)
  region size 1024K, 81 young (82944K), 11 survivors (11264K)
 Metaspace       used 73416K, committed 74048K, reserved 491520K
  class space    used 10256K, committed 10560K, reserved 425984K
}
Event: 33.712 GC heap after
{Heap after GC invocations=29 (full 0):
 garbage-first heap   total 195584K, used 87227K [0x0000000080000000, 0x0000000100000000)
  region size 1024K, 6 young (6144K), 6 survivors (6144K)
 Metaspace       used 73416K, committed 74048K, reserved 491520K
  class space    used 10256K, committed 10560K, reserved 425984K
}
Event: 34.533 GC heap before
{Heap before GC invocations=29 (full 0):
 garbage-first heap   total 195584K, used 153787K [0x0000000080000000, 0x0000000100000000)
  region size 1024K, 71 young (72704K), 6 survivors (6144K)
 Metaspace       used 76817K, committed 77568K, reserved 557056K
  class space    used 10717K, committed 11072K, reserved 425984K
}
Event: 34.546 GC heap after
{Heap after GC invocations=30 (full 0):
 garbage-first heap   total 195584K, used 91397K [0x0000000080000000, 0x0000000100000000)
  region size 1024K, 4 young (4096K), 4 survivors (4096K)
 Metaspace       used 76817K, committed 77568K, reserved 557056K
  class space    used 10717K, committed 11072K, reserved 425984K
}

